<?xml version="1.0" encoding="UTF-8"?>
<!-- Generated by org.testng.reporters.JUnitReportReporter -->
<testsuite hostname="DESKTOP-I5HKKLD" failures="0" tests="1" name="testrunners.EmployeeRegTest" time="19.615" errors="0" timestamp="2025-02-18T13:42:27 IST" skipped="0">
  <testcase classname="testrunners.EmployeeRegTest" name="runScenario" time="19.615"/>
</testsuite> <!-- testrunners.EmployeeRegTest -->
