<?xml version="1.0" encoding="UTF-8"?>
<!-- Generated by org.testng.reporters.JUnitReportReporter -->
<testsuite hostname="DESKTOP-I5HKKLD" failures="0" tests="4" name="testrunners.AdminLoginTest" time="35.325" errors="0" timestamp="2025-02-18T13:42:27 IST" skipped="0">
  <testcase classname="testrunners.AdminLoginTest" name="runScenario" time="10.368"/>
  <testcase classname="testrunners.AdminLoginTest" name="runScenario" time="12.787"/>
  <testcase classname="testrunners.AdminLoginTest" name="runScenario" time="6.002"/>
  <testcase classname="testrunners.AdminLoginTest" name="runScenario" time="6.168"/>
</testsuite> <!-- testrunners.AdminLoginTest -->
