<?xml version="1.0" encoding="UTF-8"?>
<!-- Generated by org.testng.reporters.JUnitReportReporter -->
<testsuite hostname="DESKTOP-I5HKKLD" failures="0" tests="5" name="testrunners.EmployeeLoginTest" time="40.617" errors="0" timestamp="2025-02-18T13:42:27 IST" skipped="0">
  <testcase classname="testrunners.EmployeeLoginTest" name="runScenario" time="9.557"/>
  <testcase classname="testrunners.EmployeeLoginTest" name="runScenario" time="7.333"/>
  <testcase classname="testrunners.EmployeeLoginTest" name="runScenario" time="7.517"/>
  <testcase classname="testrunners.EmployeeLoginTest" name="runScenario" time="7.145"/>
  <testcase classname="testrunners.EmployeeLoginTest" name="runScenario" time="9.065"/>
</testsuite> <!-- testrunners.EmployeeLoginTest -->
