<?xml version="1.0" encoding="UTF-8"?>
<!-- Generated by org.testng.reporters.JUnitReportReporter -->
<testsuite hostname="DESKTOP-I5HKKLD" failures="0" tests="1" name="flights_testcases.NewUserReg" time="2.179" errors="0" timestamp="2025-02-14T00:58:47 IST" skipped="0">
  <testcase classname="flights_testcases.NewUserReg" name="cretateUser" time="2.179"/>
</testsuite> <!-- flights_testcases.NewUserReg -->
