<?xml version="1.0" encoding="UTF-8"?>
<!-- Generated by org.testng.reporters.JUnitReportReporter -->
<testsuite hostname="DESKTOP-I5HKKLD" failures="0" tests="1" name="flights_testcases.Book_Flight1" time="7.538" errors="0" timestamp="2025-02-14T01:21:05 IST" skipped="0">
  <testcase classname="flights_testcases.Book_Flight1" name="user_able_to_book_flight" time="7.538"/>
</testsuite> <!-- flights_testcases.Book_Flight1 -->
