<?xml version="1.0" encoding="UTF-8"?>
<!-- Generated by org.testng.reporters.JUnitReportReporter -->
<testsuite hostname="DESKTOP-I5HKKLD" failures="0" tests="1" name="flights_testcases.User_Login" time="3.772" errors="0" timestamp="2025-02-14T01:00:45 IST" skipped="0">
  <testcase classname="flights_testcases.User_Login" name="checkUserLogin" time="3.772"/>
</testsuite> <!-- flights_testcases.User_Login -->
